#
# There is insufficient memory for the Java Runtime Environment to continue.
# Native memory allocation (malloc) failed to allocate 32744 bytes for ChunkPool::allocate
# Possible reasons:
#   The system is out of physical RAM or swap space
#   In 32 bit mode, the process size limit was hit
# Possible solutions:
#   Reduce memory load on the system
#   Increase physical memory or swap space
#   Check if swap backing store is full
#   Use 64 bit Java on a 64 bit OS
#   Decrease Java heap size (-Xmx/-Xms)
#   Decrease number of Java threads
#   Decrease Java thread stack sizes (-Xss)
#   Set larger code cache with -XX:ReservedCodeCacheSize=
# This output file may be truncated or incomplete.
#
#  Out of Memory Error (allocation.cpp:273), pid=5744, tid=0x00000000000012ac
#
# JRE version: Java(TM) SE Runtime Environment (8.0_111-b14) (build 1.8.0_111-b14)
# Java VM: Java HotSpot(TM) 64-Bit Server VM (25.111-b14 mixed mode windows-amd64 compressed oops)
# Failed to write core dump. Minidumps are not enabled by default on client versions of Windows
#

---------------  T H R E A D  ---------------

Current thread (0x0000000017833000):  JavaThread "C2 CompilerThread1" daemon [_thread_in_native, id=4780, stack(0x0000000018fc0000,0x00000000190c0000)]

Stack: [0x0000000018fc0000,0x00000000190c0000]
[error occurred during error reporting (printing stack bounds), id 0xc0000005]

Native frames: (J=compiled Java code, j=interpreted, Vv=VM code, C=native code)


Current CompileTask:
C2:  38696 1258       4       sun.java2d.pipe.RenderQueue::lock (4 bytes)


---------------  P R O C E S S  ---------------

Java Threads: ( => current thread )
  0x0000000002b90800 JavaThread "DestroyJavaVM" [_thread_blocked, id=6732, stack(0x0000000002a90000,0x0000000002b90000)]
  0x000000001a1cb800 JavaThread "TimerQueue" daemon [_thread_blocked, id=4092, stack(0x0000000019f10000,0x000000001a010000)]
  0x000000001a182800 JavaThread "D3D Screen Updater" daemon [_thread_blocked, id=4400, stack(0x0000000021750000,0x0000000021850000)]
  0x000000001a125000 JavaThread "AWT-EventQueue-0" [_thread_blocked, id=1672, stack(0x0000000021650000,0x0000000021750000)]
  0x000000001959e800 JavaThread "AWT-Windows" daemon [_thread_in_native, id=8128, stack(0x0000000019b20000,0x0000000019c20000)]
  0x000000001959b800 JavaThread "AWT-Shutdown" [_thread_blocked, id=8804, stack(0x0000000019a20000,0x0000000019b20000)]
  0x000000001959a000 JavaThread "Java2D Disposer" daemon [_thread_blocked, id=5632, stack(0x0000000019920000,0x0000000019a20000)]
  0x00000000191e8800 JavaThread "Service Thread" daemon [_thread_blocked, id=10520, stack(0x00000000195c0000,0x00000000196c0000)]
  0x0000000017839800 JavaThread "C1 CompilerThread2" daemon [_thread_blocked, id=3748, stack(0x00000000190c0000,0x00000000191c0000)]
=>0x0000000017833000 JavaThread "C2 CompilerThread1" daemon [_thread_in_native, id=4780, stack(0x0000000018fc0000,0x00000000190c0000)]
  0x000000001782d800 JavaThread "C2 CompilerThread0" daemon [_thread_blocked, id=2300, stack(0x0000000018ec0000,0x0000000018fc0000)]
  0x000000001782c000 JavaThread "Attach Listener" daemon [_thread_blocked, id=8636, stack(0x0000000018dc0000,0x0000000018ec0000)]
  0x0000000017829800 JavaThread "Signal Dispatcher" daemon [_thread_blocked, id=1576, stack(0x0000000018cc0000,0x0000000018dc0000)]
  0x0000000017819800 JavaThread "Finalizer" daemon [_thread_blocked, id=4540, stack(0x0000000018aa0000,0x0000000018ba0000)]
  0x0000000002c80000 JavaThread "Reference Handler" daemon [_thread_blocked, id=1568, stack(0x00000000189a0000,0x0000000018aa0000)]

Other Threads:
  0x00000000177f7800 VMThread [stack: 0x00000000188a0000,0x00000000189a0000] [id=2612]
  0x00000000191eb800 WatcherThread [stack: 0x0000000019820000,0x0000000019920000] [id=6792]

VM state:not at safepoint (normal execution)

VM Mutex/Monitor currently owned by a thread: None

Heap:
 PSYoungGen      total 80384K, used 77992K [0x00000000d5a00000, 0x00000000eea00000, 0x0000000100000000)
  eden space 79360K, 98% used [0x00000000d5a00000,0x00000000da60a1b0,0x00000000da780000)
  from space 1024K, 12% used [0x00000000ee800000,0x00000000ee820000,0x00000000ee900000)
  to   space 1024K, 0% used [0x00000000ee900000,0x00000000ee900000,0x00000000eea00000)
 ParOldGen       total 89600K, used 46592K [0x0000000080e00000, 0x0000000086580000, 0x00000000d5a00000)
  object space 89600K, 52% used [0x0000000080e00000,0x0000000083b80350,0x0000000086580000)
 Metaspace       used 10384K, capacity 10546K, committed 10752K, reserved 1058816K
  class space    used 1191K, capacity 1253K, committed 1280K, reserved 1048576K

Card table byte_map: [0x0000000012050000,0x0000000012450000] byte_map_base: 0x0000000011c49000

Marking Bits: (ParMarkBitMap*) 0x0000000069aea6c0
 Begin Bits: [0x0000000012b00000, 0x0000000014ac8000)
 End Bits:   [0x0000000014ac8000, 0x0000000016a90000)

Polling page: 0x00000000010f0000

CodeCache: size=245760Kb used=4178Kb max_used=4189Kb free=241581Kb
 bounds [0x0000000002c90000, 0x00000000030b0000, 0x0000000011c90000]
 total_blobs=1719 nmethods=1244 adapters=389
 compilation: enabled

Compilation events (10 events):
Event: 34.474 Thread 0x0000000017833000 nmethod 1253 0x0000000002d9ef10 code [0x0000000002d9f040, 0x0000000002d9f098]
Event: 34.624 Thread 0x000000001782d800 1254       4       java.util.HashMap::clear (50 bytes)
Event: 34.625 Thread 0x000000001782d800 nmethod 1254 0x0000000002d9cd90 code [0x0000000002d9cec0, 0x0000000002d9cfd8]
Event: 35.286 Thread 0x0000000017839800 1255       3       java.util.concurrent.locks.ReentrantLock::lock (8 bytes)
Event: 35.286 Thread 0x0000000017839800 nmethod 1255 0x0000000002d9c590 code [0x0000000002d9c700, 0x0000000002d9c928]
Event: 37.070 Thread 0x0000000017833000 1256       4       java.util.HashSet::add (20 bytes)
Event: 37.071 Thread 0x0000000017833000 nmethod 1256 0x0000000002e42850 code [0x0000000002e429a0, 0x0000000002e42a68]
Event: 37.164 Thread 0x000000001782d800 1257       4       java.util.concurrent.locks.ReentrantLock$Sync::isHeldExclusively (16 bytes)
Event: 37.165 Thread 0x000000001782d800 nmethod 1257 0x00000000030783d0 code [0x0000000003078500, 0x0000000003078598]
Event: 38.691 Thread 0x0000000017833000 1258       4       sun.java2d.pipe.RenderQueue::lock (4 bytes)

GC Heap History (10 events):
Event: 37.925 GC heap before
{Heap before GC invocations=66 (full 1):
 PSYoungGen      total 93696K, used 91063K [0x00000000d5a00000, 0x00000000eeb00000, 0x0000000100000000)
  eden space 93184K, 97% used [0x00000000d5a00000,0x00000000db2cdd48,0x00000000db500000)
  from space 512K, 25% used [0x00000000eea80000,0x00000000eeaa0000,0x00000000eeb00000)
  to   space 1024K, 0% used [0x00000000ee900000,0x00000000ee900000,0x00000000eea00000)
 ParOldGen       total 89600K, used 46584K [0x0000000080e00000, 0x0000000086580000, 0x00000000d5a00000)
  object space 89600K, 51% used [0x0000000080e00000,0x0000000083b7e350,0x0000000086580000)
 Metaspace       used 10384K, capacity 10546K, committed 10752K, reserved 1058816K
  class space    used 1191K, capacity 1253K, committed 1280K, reserved 1048576K
Event: 37.928 GC heap after
Heap after GC invocations=66 (full 1):
 PSYoungGen      total 91136K, used 160K [0x00000000d5a00000, 0x00000000eeb00000, 0x0000000100000000)
  eden space 90112K, 0% used [0x00000000d5a00000,0x00000000d5a00000,0x00000000db200000)
  from space 1024K, 15% used [0x00000000ee900000,0x00000000ee928000,0x00000000eea00000)
  to   space 1024K, 0% used [0x00000000eea00000,0x00000000eea00000,0x00000000eeb00000)
 ParOldGen       total 89600K, used 46584K [0x0000000080e00000, 0x0000000086580000, 0x00000000d5a00000)
  object space 89600K, 51% used [0x0000000080e00000,0x0000000083b7e350,0x0000000086580000)
 Metaspace       used 10384K, capacity 10546K, committed 10752K, reserved 1058816K
  class space    used 1191K, capacity 1253K, committed 1280K, reserved 1048576K
}
Event: 38.074 GC heap before
{Heap before GC invocations=67 (full 1):
 PSYoungGen      total 91136K, used 78235K [0x00000000d5a00000, 0x00000000eeb00000, 0x0000000100000000)
  eden space 90112K, 86% used [0x00000000d5a00000,0x00000000da63ef10,0x00000000db200000)
  from space 1024K, 15% used [0x00000000ee900000,0x00000000ee928000,0x00000000eea00000)
  to   space 1024K, 0% used [0x00000000eea00000,0x00000000eea00000,0x00000000eeb00000)
 ParOldGen       total 89600K, used 46584K [0x0000000080e00000, 0x0000000086580000, 0x00000000d5a00000)
  object space 89600K, 51% used [0x0000000080e00000,0x0000000083b7e350,0x0000000086580000)
 Metaspace       used 10384K, capacity 10546K, committed 10752K, reserved 1058816K
  class space    used 1191K, capacity 1253K, committed 1280K, reserved 1048576K
Event: 38.075 GC heap after
Heap after GC invocations=67 (full 1):
 PSYoungGen      total 87552K, used 160K [0x00000000d5a00000, 0x00000000eea80000, 0x0000000100000000)
  eden space 87040K, 0% used [0x00000000d5a00000,0x00000000d5a00000,0x00000000daf00000)
  from space 512K, 31% used [0x00000000eea00000,0x00000000eea28000,0x00000000eea80000)
  to   space 1024K, 0% used [0x00000000ee880000,0x00000000ee880000,0x00000000ee980000)
 ParOldGen       total 89600K, used 46592K [0x0000000080e00000, 0x0000000086580000, 0x00000000d5a00000)
  object space 89600K, 52% used [0x0000000080e00000,0x0000000083b80350,0x0000000086580000)
 Metaspace       used 10384K, capacity 10546K, committed 10752K, reserved 1058816K
  class space    used 1191K, capacity 1253K, committed 1280K, reserved 1048576K
}
Event: 38.229 GC heap before
{Heap before GC invocations=68 (full 1):
 PSYoungGen      total 87552K, used 78174K [0x00000000d5a00000, 0x00000000eea80000, 0x0000000100000000)
  eden space 87040K, 89% used [0x00000000d5a00000,0x00000000da62f9d8,0x00000000daf00000)
  from space 512K, 31% used [0x00000000eea00000,0x00000000eea28000,0x00000000eea80000)
  to   space 1024K, 0% used [0x00000000ee880000,0x00000000ee880000,0x00000000ee980000)
 ParOldGen       total 89600K, used 46592K [0x0000000080e00000, 0x0000000086580000, 0x00000000d5a00000)
  object space 89600K, 52% used [0x0000000080e00000,0x0000000083b80350,0x0000000086580000)
 Metaspace       used 10384K, capacity 10546K, committed 10752K, reserved 1058816K
  class space    used 1191K, capacity 1253K, committed 1280K, reserved 1048576K
Event: 38.230 GC heap after
Heap after GC invocations=68 (full 1):
 PSYoungGen      total 85504K, used 96K [0x00000000d5a00000, 0x00000000eea80000, 0x0000000100000000)
  eden space 84480K, 0% used [0x00000000d5a00000,0x00000000d5a00000,0x00000000dac80000)
  from space 1024K, 9% used [0x00000000ee880000,0x00000000ee898000,0x00000000ee980000)
  to   space 1024K, 0% used [0x00000000ee980000,0x00000000ee980000,0x00000000eea80000)
 ParOldGen       total 89600K, used 46592K [0x0000000080e00000, 0x0000000086580000, 0x00000000d5a00000)
  object space 89600K, 52% used [0x0000000080e00000,0x0000000083b80350,0x0000000086580000)
 Metaspace       used 10384K, capacity 10546K, committed 10752K, reserved 1058816K
  class space    used 1191K, capacity 1253K, committed 1280K, reserved 1048576K
}
Event: 38.385 GC heap before
{Heap before GC invocations=69 (full 1):
 PSYoungGen      total 85504K, used 78060K [0x00000000d5a00000, 0x00000000eea80000, 0x0000000100000000)
  eden space 84480K, 92% used [0x00000000d5a00000,0x00000000da623040,0x00000000dac80000)
  from space 1024K, 9% used [0x00000000ee880000,0x00000000ee898000,0x00000000ee980000)
  to   space 1024K, 0% used [0x00000000ee980000,0x00000000ee980000,0x00000000eea80000)
 ParOldGen       total 89600K, used 46592K [0x0000000080e00000, 0x0000000086580000, 0x00000000d5a00000)
  object space 89600K, 52% used [0x0000000080e00000,0x0000000083b80350,0x0000000086580000)
 Metaspace       used 10384K, capacity 10546K, committed 10752K, reserved 1058816K
  class space    used 1191K, capacity 1253K, committed 1280K, reserved 1048576K
Event: 38.386 GC heap after
Heap after GC invocations=69 (full 1):
 PSYoungGen      total 82432K, used 128K [0x00000000d5a00000, 0x00000000eea00000, 0x0000000100000000)
  eden space 81920K, 0% used [0x00000000d5a00000,0x00000000d5a00000,0x00000000daa00000)
  from space 512K, 25% used [0x00000000ee980000,0x00000000ee9a0000,0x00000000eea00000)
  to   space 1024K, 0% used [0x00000000ee800000,0x00000000ee800000,0x00000000ee900000)
 ParOldGen       total 89600K, used 46592K [0x0000000080e00000, 0x0000000086580000, 0x00000000d5a00000)
  object space 89600K, 52% used [0x0000000080e00000,0x0000000083b80350,0x0000000086580000)
 Metaspace       used 10384K, capacity 10546K, committed 10752K, reserved 1058816K
  class space    used 1191K, capacity 1253K, committed 1280K, reserved 1048576K
}
Event: 38.542 GC heap before
{Heap before GC invocations=70 (full 1):
 PSYoungGen      total 82432K, used 78042K [0x00000000d5a00000, 0x00000000eea00000, 0x0000000100000000)
  eden space 81920K, 95% used [0x00000000d5a00000,0x00000000da616858,0x00000000daa00000)
  from space 512K, 25% used [0x00000000ee980000,0x00000000ee9a0000,0x00000000eea00000)
  to   space 1024K, 0% used [0x00000000ee800000,0x00000000ee800000,0x00000000ee900000)
 ParOldGen       total 89600K, used 46592K [0x0000000080e00000, 0x0000000086580000, 0x00000000d5a00000)
  object space 89600K, 52% used [0x0000000080e00000,0x0000000083b80350,0x0000000086580000)
 Metaspace       used 10384K, capacity 10546K, committed 10752K, reserved 1058816K
  class space    used 1191K, capacity 1253K, committed 1280K, reserved 1048576K
Event: 38.542 GC heap after
Heap after GC invocations=70 (full 1):
 PSYoungGen      total 80384K, used 128K [0x00000000d5a00000, 0x00000000eea00000, 0x0000000100000000)
  eden space 79360K, 0% used [0x00000000d5a00000,0x00000000d5a00000,0x00000000da780000)
  from space 1024K, 12% used [0x00000000ee800000,0x00000000ee820000,0x00000000ee900000)
  to   space 1024K, 0% used [0x00000000ee900000,0x00000000ee900000,0x00000000eea00000)
 ParOldGen       total 89600K, used 46592K [0x0000000080e00000, 0x0000000086580000, 0x00000000d5a00000)
  object space 89600K, 52% used [0x0000000080e00000,0x0000000083b80350,0x0000000086580000)
 Metaspace       used 10384K, capacity 10546K, committed 10752K, reserved 1058816K
  class space    used 1191K, capacity 1253K, committed 1280K, reserved 1048576K
}

Deoptimization events (7 events):
Event: 15.636 Thread 0x000000001a125000 Uncommon trap: reason=bimorphic action=maybe_recompile pc=0x0000000002fd721c method=java.util.HashMap.getNode(ILjava/lang/Object;)Ljava/util/HashMap$Node; @ 126
Event: 15.755 Thread 0x000000001a125000 Uncommon trap: reason=bimorphic action=maybe_recompile pc=0x0000000002fd721c method=java.util.HashMap.getNode(ILjava/lang/Object;)Ljava/util/HashMap$Node; @ 126
Event: 23.090 Thread 0x000000001a125000 Uncommon trap: reason=bimorphic action=maybe_recompile pc=0x0000000002fd721c method=java.util.HashMap.getNode(ILjava/lang/Object;)Ljava/util/HashMap$Node; @ 126
Event: 23.090 Thread 0x000000001a125000 Uncommon trap: reason=bimorphic action=maybe_recompile pc=0x0000000002fd721c method=java.util.HashMap.getNode(ILjava/lang/Object;)Ljava/util/HashMap$Node; @ 126
Event: 23.213 Thread 0x000000001a125000 Uncommon trap: reason=bimorphic action=maybe_recompile pc=0x0000000002f9b0c4 method=java.util.HashMap.getNode(ILjava/lang/Object;)Ljava/util/HashMap$Node; @ 126
Event: 28.469 Thread 0x000000001a125000 Uncommon trap: reason=unstable_if action=reinterpret pc=0x00000000030663b0 method=java.util.concurrent.locks.ReentrantLock$Sync.nonfairTryAcquire(I)Z @ 19
Event: 34.945 Thread 0x000000001a1cb800 Uncommon trap: reason=unstable_if action=reinterpret pc=0x000000000301a930 method=java.util.concurrent.locks.AbstractQueuedSynchronizer.acquireQueued(Ljava/util/concurrent/locks/AbstractQueuedSynchronizer$Node;I)Z @ 17

Internal exceptions (10 events):
Event: 0.039 Thread 0x0000000002b90800 Exception <a 'java/lang/NoSuchMethodError': Method sun.misc.Unsafe.prefetchRead(Ljava/lang/Object;J)V name or signature does not match> (0x00000000d5a07f60) thrown at [C:\re\workspace\8-2-build-windows-amd64-cygwin\jdk8u111\7883\hotspot\src\share\vm\prims
Event: 0.083 Thread 0x0000000002b90800 Exception <a 'java/io/FileNotFoundException'> (0x00000000d5a58860) thrown at [C:\re\workspace\8-2-build-windows-amd64-cygwin\jdk8u111\7883\hotspot\src\share\vm\prims\jni.cpp, line 709]
Event: 0.107 Thread 0x0000000002b90800 Exception <a 'java/security/PrivilegedActionException'> (0x00000000d5a84778) thrown at [C:\re\workspace\8-2-build-windows-amd64-cygwin\jdk8u111\7883\hotspot\src\share\vm\prims\jvm.cpp, line 1386]
Event: 0.107 Thread 0x0000000002b90800 Exception <a 'java/security/PrivilegedActionException'> (0x00000000d5a84988) thrown at [C:\re\workspace\8-2-build-windows-amd64-cygwin\jdk8u111\7883\hotspot\src\share\vm\prims\jvm.cpp, line 1386]
Event: 0.108 Thread 0x0000000002b90800 Exception <a 'java/security/PrivilegedActionException'> (0x00000000d5a88870) thrown at [C:\re\workspace\8-2-build-windows-amd64-cygwin\jdk8u111\7883\hotspot\src\share\vm\prims\jvm.cpp, line 1386]
Event: 0.108 Thread 0x0000000002b90800 Exception <a 'java/security/PrivilegedActionException'> (0x00000000d5a88a80) thrown at [C:\re\workspace\8-2-build-windows-amd64-cygwin\jdk8u111\7883\hotspot\src\share\vm\prims\jvm.cpp, line 1386]
Event: 0.116 Thread 0x0000000002b90800 Exception <a 'java/io/FileNotFoundException'> (0x00000000d5a90498) thrown at [C:\re\workspace\8-2-build-windows-amd64-cygwin\jdk8u111\7883\hotspot\src\share\vm\prims\jni.cpp, line 709]
Event: 0.150 Thread 0x0000000002b90800 Exception <a 'java/lang/NoSuchFieldError': method resolution failed> (0x00000000d5c04e08) thrown at [C:\re\workspace\8-2-build-windows-amd64-cygwin\jdk8u111\7883\hotspot\src\share\vm\prims\methodHandles.cpp, line 1146]
Event: 0.152 Thread 0x0000000002b90800 Exception <a 'java/lang/NoSuchFieldError': method resolution failed> (0x00000000d5c121d8) thrown at [C:\re\workspace\8-2-build-windows-amd64-cygwin\jdk8u111\7883\hotspot\src\share\vm\prims\methodHandles.cpp, line 1146]
Event: 0.218 Thread 0x0000000002b90800 Exception <a 'java/io/FileNotFoundException'> (0x00000000d5cf5448) thrown at [C:\re\workspace\8-2-build-windows-amd64-cygwin\jdk8u111\7883\hotspot\src\share\vm\prims\jni.cpp, line 709]

Events (10 events):
Event: 37.925 Executing VM operation: ParallelGCFailedAllocation
Event: 37.928 Executing VM operation: ParallelGCFailedAllocation done
Event: 38.074 Executing VM operation: ParallelGCFailedAllocation
Event: 38.075 Executing VM operation: ParallelGCFailedAllocation done
Event: 38.229 Executing VM operation: ParallelGCFailedAllocation
Event: 38.230 Executing VM operation: ParallelGCFailedAllocation done
Event: 38.385 Executing VM operation: ParallelGCFailedAllocation
Event: 38.386 Executing VM operation: ParallelGCFailedAllocation done
Event: 38.542 Executing VM operation: ParallelGCFailedAllocation
Event: 38.543 Executing VM operation: ParallelGCFailedAllocation done


Dynamic libraries:
0x00007ff760800000 - 0x00007ff760837000 	C:\Program Files\Java\jdk1.8.0_111\bin\java.exe
0x00007ffd74be0000 - 0x00007ffd74dd0000 	C:\Windows\SYSTEM32\ntdll.dll
0x00007ffd74190000 - 0x00007ffd74242000 	C:\Windows\System32\KERNEL32.DLL
0x00007ffd72980000 - 0x00007ffd72c23000 	C:\Windows\System32\KERNELBASE.dll
0x00007ffd73fc0000 - 0x00007ffd74063000 	C:\Windows\System32\ADVAPI32.dll
0x00007ffd74a30000 - 0x00007ffd74ace000 	C:\Windows\System32\msvcrt.dll
0x00007ffd73ba0000 - 0x00007ffd73c37000 	C:\Windows\System32\sechost.dll
0x00007ffd74070000 - 0x00007ffd74190000 	C:\Windows\System32\RPCRT4.dll
0x00007ffd73a00000 - 0x00007ffd73b94000 	C:\Windows\System32\USER32.dll
0x00007ffd71b70000 - 0x00007ffd71b91000 	C:\Windows\System32\win32u.dll
0x00007ffd734b0000 - 0x00007ffd734d6000 	C:\Windows\System32\GDI32.dll
0x00007ffd71ba0000 - 0x00007ffd71d34000 	C:\Windows\System32\gdi32full.dll
0x00007ffd71fb0000 - 0x00007ffd7204e000 	C:\Windows\System32\msvcp_win.dll
0x00007ffd71e90000 - 0x00007ffd71f8a000 	C:\Windows\System32\ucrtbase.dll
0x00007ffd68ef0000 - 0x00007ffd69175000 	C:\Windows\WinSxS\amd64_microsoft.windows.common-controls_6595b64144ccf1df_6.0.18362.778_none_e6c6b761130d4fb8\COMCTL32.dll
0x00007ffd73560000 - 0x00007ffd73896000 	C:\Windows\System32\combase.dll
0x00007ffd72880000 - 0x00007ffd72900000 	C:\Windows\System32\bcryptPrimitives.dll
0x00007ffd74910000 - 0x00007ffd7493e000 	C:\Windows\System32\IMM32.DLL
0x0000000069fd0000 - 0x000000006a0a2000 	C:\Program Files\Java\jdk1.8.0_111\jre\bin\msvcr100.dll
0x00000000692d0000 - 0x0000000069b6a000 	C:\Program Files\Java\jdk1.8.0_111\jre\bin\server\jvm.dll
0x00007ffd73c40000 - 0x00007ffd73c48000 	C:\Windows\System32\PSAPI.DLL
0x00007ffd6ed20000 - 0x00007ffd6ed44000 	C:\Windows\SYSTEM32\WINMM.dll
0x00007ffd5c380000 - 0x00007ffd5c389000 	C:\Windows\SYSTEM32\WSOCK32.dll
0x00007ffd6b8d0000 - 0x00007ffd6b8da000 	C:\Windows\SYSTEM32\VERSION.dll
0x00007ffd74880000 - 0x00007ffd748ef000 	C:\Windows\System32\WS2_32.dll
0x00007ffd6ecf0000 - 0x00007ffd6ed1d000 	C:\Windows\SYSTEM32\winmmbase.dll
0x00007ffd72900000 - 0x00007ffd7294a000 	C:\Windows\System32\cfgmgr32.dll
0x000000006ab20000 - 0x000000006ab2f000 	C:\Program Files\Java\jdk1.8.0_111\jre\bin\verify.dll
0x0000000069f60000 - 0x0000000069f89000 	C:\Program Files\Java\jdk1.8.0_111\jre\bin\java.dll
0x0000000069f40000 - 0x0000000069f56000 	C:\Program Files\Java\jdk1.8.0_111\jre\bin\zip.dll
0x00007ffd72cf0000 - 0x00007ffd733d5000 	C:\Windows\System32\SHELL32.dll
0x00007ffd73c50000 - 0x00007ffd73cf9000 	C:\Windows\System32\shcore.dll
0x00007ffd72100000 - 0x00007ffd72880000 	C:\Windows\System32\windows.storage.dll
0x00007ffd71ad0000 - 0x00007ffd71af3000 	C:\Windows\System32\profapi.dll
0x00007ffd71b00000 - 0x00007ffd71b4a000 	C:\Windows\System32\powrprof.dll
0x00007ffd71aa0000 - 0x00007ffd71ab0000 	C:\Windows\System32\UMPDC.dll
0x00007ffd74ad0000 - 0x00007ffd74b22000 	C:\Windows\System32\shlwapi.dll
0x00007ffd71ab0000 - 0x00007ffd71ac1000 	C:\Windows\System32\kernel.appcore.dll
0x00007ffd71f90000 - 0x00007ffd71fa7000 	C:\Windows\System32\cryptsp.dll
0x0000000069d60000 - 0x0000000069ef8000 	C:\Program Files\Java\jdk1.8.0_111\jre\bin\awt.dll
0x00007ffd74960000 - 0x00007ffd74a24000 	C:\Windows\System32\OLEAUT32.dll
0x00007ffd6fc40000 - 0x00007ffd6fccf000 	C:\Windows\SYSTEM32\apphelp.dll
0x00007ffd6fe00000 - 0x00007ffd6fe99000 	C:\Windows\system32\uxtheme.dll
0x00007ffd74250000 - 0x00007ffd74386000 	C:\Windows\System32\MSCTF.dll
0x00007ffd738a0000 - 0x00007ffd739f7000 	C:\Windows\System32\ole32.dll
0x00007ffd6fef0000 - 0x00007ffd6ff1d000 	C:\Windows\system32\DWMAPI.DLL
0x00007ffd6a570000 - 0x00007ffd6a737000 	C:\Windows\system32\d3d9.dll
0x00007ffd70710000 - 0x00007ffd70730000 	C:\Windows\SYSTEM32\dxcore.dll
0x00007ffd6b790000 - 0x00007ffd6b87f000 	C:\Windows\System32\DriverStore\FileRepository\nv_dispi.inf_amd64_a3efb8aa9e9e249a\nvldumdx.dll
0x00007ffd71d40000 - 0x00007ffd71e89000 	C:\Windows\System32\crypt32.dll
0x00007ffd71b50000 - 0x00007ffd71b62000 	C:\Windows\System32\MSASN1.dll
0x00007ffd72c30000 - 0x00007ffd72c8c000 	C:\Windows\System32\WINTRUST.DLL
0x00007ffd74940000 - 0x00007ffd7495d000 	C:\Windows\System32\imagehlp.dll
0x00007ffd70e20000 - 0x00007ffd70e53000 	C:\Windows\system32\rsaenh.dll
0x00007ffd72950000 - 0x00007ffd72976000 	C:\Windows\System32\bcrypt.dll
0x00007ffd71480000 - 0x00007ffd7148c000 	C:\Windows\SYSTEM32\CRYPTBASE.dll
0x00007ffd41c10000 - 0x00007ffd43114000 	C:\Windows\System32\DriverStore\FileRepository\nv_dispi.inf_amd64_a3efb8aa9e9e249a\nvd3dumx.dll
0x00007ffd43b30000 - 0x00007ffd43df2000 	C:\Windows\system32\nvspcap64.dll
0x00007ffd70b00000 - 0x00007ffd70b31000 	C:\Windows\SYSTEM32\ntmarta.dll
0x00007ffd6b530000 - 0x00007ffd6b55f000 	C:\Windows\SYSTEM32\cryptnet.dll
0x00007ffd706c0000 - 0x00007ffd706e2000 	C:\Windows\SYSTEM32\gpapi.dll
0x0000000069d10000 - 0x0000000069d57000 	C:\Program Files\Java\jdk1.8.0_111\jre\bin\fontmanager.dll
0x00007ffd65050000 - 0x00007ffd650ee000 	C:\Windows\System32\TextInputFramework.dll
0x00007ffd6d620000 - 0x00007ffd6d94a000 	C:\Windows\System32\CoreUIComponents.dll
0x00007ffd6fa30000 - 0x00007ffd6fb04000 	C:\Windows\System32\CoreMessaging.dll
0x00007ffd6d460000 - 0x00007ffd6d5b3000 	C:\Windows\SYSTEM32\wintypes.dll
0x00007ffd719c0000 - 0x00007ffd719e5000 	C:\Windows\SYSTEM32\USERENV.dll
0x0000000069f20000 - 0x0000000069f3a000 	C:\Program Files\Java\jdk1.8.0_111\jre\bin\net.dll
0x00007ffd712b0000 - 0x00007ffd71317000 	C:\Windows\system32\mswsock.dll
0x00007ffd70fc0000 - 0x00007ffd70ffa000 	C:\Windows\SYSTEM32\IPHLPAPI.DLL
0x00007ffd748f0000 - 0x00007ffd748f8000 	C:\Windows\System32\NSI.dll
0x00007ffd6c1e0000 - 0x00007ffd6c1f6000 	C:\Windows\SYSTEM32\dhcpcsvc6.DLL
0x00007ffd6c1c0000 - 0x00007ffd6c1dc000 	C:\Windows\SYSTEM32\dhcpcsvc.DLL
0x00007ffd71000000 - 0x00007ffd710ca000 	C:\Windows\SYSTEM32\DNSAPI.dll
0x00007ffd63ab0000 - 0x00007ffd63d56000 	C:\Windows\System32\iertutil.dll
0x00007ffd73d00000 - 0x00007ffd73da2000 	C:\Windows\System32\clbcatq.dll
0x0000000069f00000 - 0x0000000069f11000 	C:\Program Files\Java\jdk1.8.0_111\jre\bin\nio.dll

VM Arguments:
jvm_args: -Dfile.encoding=UTF-8 
java_command: controller.Principal
java_class_path (initial): C:\Users\lucas\Documents\NetBeansProjects\ReciclagemAps\build\classes
Launcher Type: SUN_STANDARD

Environment Variables:
PATH=C:\app\lucas\product\18.0.0\dbhomeXE\bin;C:\Program Files (x86)\Common Files\Oracle\Java\javapath;C:\Windows\system32;C:\Windows;C:\Windows\System32\Wbem;C:\Windows\System32\WindowsPowerShell\v1.0\;C:\Windows\System32\OpenSSH\;C:\Program Files (x86)\NVIDIA Corporation\PhysX\Common;C:\Program Files\NVIDIA Corporation\NVIDIA NvDLISR;C:\Program Files\nodejs\;C:\Users\lucas\AppData\Local\Microsoft\WindowsApps;C:\Users\lucas\AppData\Roaming\npm;C:\Users\lucas\AppData\Local\Programs\Microsoft VS Code\bin
USERNAME=lucas
OS=Windows_NT
PROCESSOR_IDENTIFIER=AMD64 Family 21 Model 19 Stepping 1, AuthenticAMD



---------------  S Y S T E M  ---------------

OS: Windows 10.0 , 64 bit Build 18362 (10.0.18362.778)

CPU:total 4 (4 cores per cpu, 1 threads per core) family 21 model 19 stepping 1, cmov, cx8, fxsr, mmx, sse, sse2, sse3, ssse3, sse4.1, sse4.2, popcnt, avx, aes, clmul, mmxext, 3dnowpref, lzcnt, sse4a, tsc, tscinvbit, tscinv, bmi1

Memory: 4k page, physical 8329988k(2032640k free), swap 8329988k(5120k free)

vm_info: Java HotSpot(TM) 64-Bit Server VM (25.111-b14) for windows-amd64 JRE (1.8.0_111-b14), built on Sep 22 2016 19:24:05 by "java_re" with MS VC++ 10.0 (VS2010)

time: Thu May 14 14:08:39 2020
elapsed time: 38 seconds (0d 0h 0m 38s)

